<?xml version="1.0" encoding="UTF-8"?>
<testng-results ignored="0" total="1" passed="1" failed="0" skipped="0">
  <reporter-output>
  </reporter-output>
  <suite started-at="2019-11-29T03:36:00 IST" name="Default suite" finished-at="2019-11-29T03:36:43 IST" duration-ms="43228">
    <groups>
    </groups>
    <test started-at="2019-11-29T03:36:00 IST" name="Default test" finished-at="2019-11-29T03:36:43 IST" duration-ms="43228">
      <class name="Testcases.HomePageTest">
        <test-method signature="Home()[pri:0, instance:Testcases.HomePageTest@13b6aecc]" started-at="2019-11-29T03:36:00 IST" name="Home" finished-at="2019-11-29T03:36:43 IST" duration-ms="43020" status="PASS">
          <reporter-output>
          </reporter-output>
        </test-method> <!-- Home -->
      </class> <!-- Testcases.HomePageTest -->
    </test> <!-- Default test -->
  </suite> <!-- Default suite -->
</testng-results>
